# JRE version: OpenJDK Runtime Environment (8.0_152-b01) (build 1.8.0_152-release-915-b01)
# Java VM: OpenJDK 64-Bit Server VM (25.152-b01 mixed mode windows-amd64 compressed oops)
Heap:
 PSYoungGen      total 212480K, used 107953K [0x00000000e0000000, 0x00000000f3400000, 0x0000000100000000)
  eden space 154112K, 32% used [0x00000000e0000000,0x00000000e3070f30,0x00000000e9680000)
  from space 58368K, 99% used [0x00000000e9680000,0x00000000ecf7b5e0,0x00000000ecf80000)
  to   space 68608K, 0% used [0x00000000ef100000,0x00000000ef100000,0x00000000f3400000)
 ParOldGen       total 192512K, used 73810K [0x00000000a0000000, 0x00000000abc00000, 0x00000000e0000000)
  object space 192512K, 38% used [0x00000000a0000000,0x00000000a4814850,0x00000000abc00000)
 Metaspace       used 71043K, capacity 75834K, committed 76052K, reserved 1114112K
  class space    used 9311K, capacity 10437K, committed 10556K, reserved 1048576K
GC Heap History (10 events):
Event: 1597.519 GC heap before
{Heap before GC invocations=22 (full 3):
 PSYoungGen      total 207872K, used 200533K [0x00000000e0000000, 0x00000000ef280000, 0x0000000100000000)
  eden space 172544K, 100% used [0x00000000e0000000,0x00000000ea880000,0x00000000ea880000)
  from space 35328K, 79% used [0x00000000ed000000,0x00000000eeb55518,0x00000000ef280000)
  to   space 37888K, 0% used [0x00000000ea880000,0x00000000ea880000,0x00000000ecd80000)
 ParOldGen       total 192512K, used 60202K [0x00000000a0000000, 0x00000000abc00000, 0x00000000e0000000)
  object space 192512K, 31% used [0x00000000a0000000,0x00000000a3acaad8,0x00000000abc00000)
 Metaspace       used 67984K, capacity 72228K, committed 72468K, reserved 1112064K
  class space    used 8961K, capacity 10028K, committed 10044K, reserved 1048576K
Event: 1597.628 GC heap after
Heap after GC invocations=22 (full 3):
 PSYoungGen      total 197632K, used 29525K [0x00000000e0000000, 0x00000000ef300000, 0x0000000100000000)
  eden space 167936K, 0% used [0x00000000e0000000,0x00000000e0000000,0x00000000ea400000)
  from space 29696K, 99% used [0x00000000ea880000,0x00000000ec5554f8,0x00000000ec580000)
  to   space 40448K, 0% used [0x00000000ecb80000,0x00000000ecb80000,0x00000000ef300000)
 ParOldGen       total 192512K, used 60210K [0x00000000a0000000, 0x00000000abc00000, 0x00000000e0000000)
  object space 192512K, 31% used [0x00000000a0000000,0x00000000a3accad8,0x00000000abc00000)
 Metaspace       used 67984K, capacity 72228K, committed 72468K, reserved 1112064K
  class space    used 8961K, capacity 10028K, committed 10044K, reserved 1048576K
}
Event: 1635.956 GC heap before
{Heap before GC invocations=23 (full 3):
 PSYoungGen      total 197632K, used 197461K [0x00000000e0000000, 0x00000000ef300000, 0x0000000100000000)
  eden space 167936K, 100% used [0x00000000e0000000,0x00000000ea400000,0x00000000ea400000)
  from space 29696K, 99% used [0x00000000ea880000,0x00000000ec5554f8,0x00000000ec580000)
  to   space 40448K, 0% used [0x00000000ecb80000,0x00000000ecb80000,0x00000000ef300000)
 ParOldGen       total 192512K, used 60210K [0x00000000a0000000, 0x00000000abc00000, 0x00000000e0000000)
  object space 192512K, 31% used [0x00000000a0000000,0x00000000a3accad8,0x00000000abc00000)
 Metaspace       used 68338K, capacity 72844K, committed 73108K, reserved 1112064K
  class space    used 9012K, capacity 10108K, committed 10172K, reserved 1048576K
Event: 1636.089 GC heap after
Heap after GC invocations=23 (full 3):
 PSYoungGen      total 203776K, used 33555K [0x00000000e0000000, 0x00000000ef480000, 0x0000000100000000)
  eden space 163328K, 0% used [0x00000000e0000000,0x00000000e0000000,0x00000000e9f80000)
  from space 40448K, 82% used [0x00000000ecb80000,0x00000000eec44d40,0x00000000ef300000)
  to   space 43520K, 0% used [0x00000000e9f80000,0x00000000e9f80000,0x00000000eca00000)
 ParOldGen       total 192512K, used 60218K [0x00000000a0000000, 0x00000000abc00000, 0x00000000e0000000)
  object space 192512K, 31% used [0x00000000a0000000,0x00000000a3acead8,0x00000000abc00000)
 Metaspace       used 68338K, capacity 72844K, committed 73108K, reserved 1112064K
  class space    used 9012K, capacity 10108K, committed 10172K, reserved 1048576K
}
Event: 1649.833 GC heap before
{Heap before GC invocations=24 (full 3):
 PSYoungGen      total 203776K, used 196883K [0x00000000e0000000, 0x00000000ef480000, 0x0000000100000000)
  eden space 163328K, 100% used [0x00000000e0000000,0x00000000e9f80000,0x00000000e9f80000)
  from space 40448K, 82% used [0x00000000ecb80000,0x00000000eec44d40,0x00000000ef300000)
  to   space 43520K, 0% used [0x00000000e9f80000,0x00000000e9f80000,0x00000000eca00000)
 ParOldGen       total 192512K, used 60218K [0x00000000a0000000, 0x00000000abc00000, 0x00000000e0000000)
  object space 192512K, 31% used [0x00000000a0000000,0x00000000a3acead8,0x00000000abc00000)
 Metaspace       used 70560K, capacity 74998K, committed 75156K, reserved 1114112K
  class space    used 9240K, capacity 10319K, committed 10428K, reserved 1048576K
Event: 1650.013 GC heap after
Heap after GC invocations=24 (full 3):
 PSYoungGen      total 202752K, used 43507K [0x00000000e0000000, 0x00000000f0380000, 0x0000000100000000)
  eden space 159232K, 0% used [0x00000000e0000000,0x00000000e0000000,0x00000000e9b80000)
  from space 43520K, 99% used [0x00000000e9f80000,0x00000000ec9fcfc8,0x00000000eca00000)
  to   space 53248K, 0% used [0x00000000ecf80000,0x00000000ecf80000,0x00000000f0380000)
 ParOldGen       total 192512K, used 69658K [0x00000000a0000000, 0x00000000abc00000, 0x00000000e0000000)
  object space 192512K, 36% used [0x00000000a0000000,0x00000000a4406800,0x00000000abc00000)
 Metaspace       used 70560K, capacity 74998K, committed 75156K, reserved 1114112K
  class space    used 9240K, capacity 10319K, committed 10428K, reserved 1048576K
}
Event: 1715.147 GC heap before
{Heap before GC invocations=25 (full 3):
 PSYoungGen      total 202752K, used 202739K [0x00000000e0000000, 0x00000000f0380000, 0x0000000100000000)
  eden space 159232K, 100% used [0x00000000e0000000,0x00000000e9b80000,0x00000000e9b80000)
  from space 43520K, 99% used [0x00000000e9f80000,0x00000000ec9fcfc8,0x00000000eca00000)
  to   space 53248K, 0% used [0x00000000ecf80000,0x00000000ecf80000,0x00000000f0380000)
 ParOldGen       total 192512K, used 69658K [0x00000000a0000000, 0x00000000abc00000, 0x00000000e0000000)
  object space 192512K, 36% used [0x00000000a0000000,0x00000000a4406800,0x00000000abc00000)
 Metaspace       used 70777K, capacity 75276K, committed 75412K, reserved 1114112K
  class space    used 9270K, capacity 10376K, committed 10428K, reserved 1048576K
Event: 1715.234 GC heap after
Heap after GC invocations=25 (full 3):
 PSYoungGen      total 207360K, used 45349K [0x00000000e0000000, 0x00000000f0980000, 0x0000000100000000)
  eden space 154112K, 0% used [0x00000000e0000000,0x00000000e0000000,0x00000000e9680000)
  from space 53248K, 85% used [0x00000000ecf80000,0x00000000efbc9770,0x00000000f0380000)
  to   space 58368K, 0% used [0x00000000e9680000,0x00000000e9680000,0x00000000ecf80000)
 ParOldGen       total 192512K, used 69666K [0x00000000a0000000, 0x00000000abc00000, 0x00000000e0000000)
  object space 192512K, 36% used [0x00000000a0000000,0x00000000a4408800,0x00000000abc00000)
 Metaspace       used 70777K, capacity 75276K, committed 75412K, reserved 1114112K
  class space    used 9270K, capacity 10376K, committed 10428K, reserved 1048576K
}
Event: 1717.443 GC heap before
{Heap before GC invocations=26 (full 3):
 PSYoungGen      total 207360K, used 199461K [0x00000000e0000000, 0x00000000f0980000, 0x0000000100000000)
  eden space 154112K, 100% used [0x00000000e0000000,0x00000000e9680000,0x00000000e9680000)
  from space 53248K, 85% used [0x00000000ecf80000,0x00000000efbc9770,0x00000000f0380000)
  to   space 58368K, 0% used [0x00000000e9680000,0x00000000e9680000,0x00000000ecf80000)
 ParOldGen       total 192512K, used 69666K [0x00000000a0000000, 0x00000000abc00000, 0x00000000e0000000)
  object space 192512K, 36% used [0x00000000a0000000,0x00000000a4408800,0x00000000abc00000)
 Metaspace       used 71011K, capacity 75722K, committed 76052K, reserved 1114112K
  class space    used 9307K, capacity 10429K, committed 10556K, reserved 1048576K
Event: 1717.563 GC heap after
Heap after GC invocations=26 (full 3):
 PSYoungGen      total 212480K, used 58349K [0x00000000e0000000, 0x00000000f3400000, 0x0000000100000000)
  eden space 154112K, 0% used [0x00000000e0000000,0x00000000e0000000,0x00000000e9680000)
  from space 58368K, 99% used [0x00000000e9680000,0x00000000ecf7b5e0,0x00000000ecf80000)
  to   space 68608K, 0% used [0x00000000ef100000,0x00000000ef100000,0x00000000f3400000)
 ParOldGen       total 192512K, used 73810K [0x00000000a0000000, 0x00000000abc00000, 0x00000000e0000000)
  object space 192512K, 38% used [0x00000000a0000000,0x00000000a4814850,0x00000000abc00000)
 Metaspace       used 71011K, capacity 75722K, committed 76052K, reserved 1114112K
  class space    used 9307K, capacity 10429K, committed 10556K, reserved 1048576K
}

